0   j   00   15:41:51.235 75    2017-04-05               
0   i   00   15:41:51.549 45    2017-04-05               
0   j   00   15:41:52.280 45    2017-04-05               
0   i   00   15:41:52.344 27    2017-04-05               
0   i   00   15:41:55.561 21    2017-04-05               
0   i   00   15:41:56.457 17    2017-04-05               
0   i   00   15:41:57.573 14    2017-04-05               
0   j   00   15:41:58.382 14    2017-04-05               
1   i   01   15:41:58.498 0     2017-04-05               
1   i   01   15:41:58.556 0     2017-04-05               
0   j   00   15:41:58.745 10    2017-04-05               
0   j   00   15:41:58.860 8     2017-04-05               
0   j   00   15:41:59.158 6     2017-04-05               
0   j   00   15:41:59.442 4     2017-04-05               
0   j   00   15:41:59.529 3     2017-04-05               
0   i   00   15:41:59.724 2     2017-04-05               
1   i   01   15:42:00.436 0     2017-04-05               
1   i   01   15:42:00.657 0     2017-04-05               
0   j   00   15:42:00.698 2     2017-04-05               
1   i   01   15:42:00.741 0     2017-04-05               
1   i   01   15:42:00.810 0     2017-04-05               
0   j   00   15:42:01.148 1     2017-04-05               
0   i   00   15:42:01.410 1     2017-04-05               
1   i   01   15:42:02.191 0     2017-04-05               
1   i   01   15:42:03.060 0     2017-04-05               
1   i   01   15:42:04.193 0     2017-04-05               
1   i   01   15:42:04.455 0     2017-04-05               
1   i   01   15:42:04.503 0     2017-04-05               
1   i   01   15:42:05.343 0     2017-04-05               
1   i   01   15:42:05.705 0     2017-04-05               
1   i   01   15:42:05.883 0     2017-04-05               
1   i   01   15:42:06.790 0     2017-04-05               
0   i   00   15:42:06.846 1     2017-04-05               
0   i   00   15:42:08.830 0     2017-04-05               
0   i   00   15:42:09.645 0     2017-04-05               
1   i   01   15:42:09.922 0     2017-04-05               
0   j   00   15:42:10.838 1     2017-04-05               
0   i   00   15:42:10.998 0     2017-04-05               
0   j   00   15:42:12.544 0     2017-04-05               
0   i   00   15:42:12.608 0     2017-04-05               
0   j   00   15:42:13.349 0     2017-04-05               
0   j   00   15:42:13.362 0     2017-04-05               
1   i   01   15:42:13.445 0     2017-04-05               
1   i   01   15:42:13.754 0     2017-04-05               
0   i   00   15:42:13.805 0     2017-04-05               
0   j   00   15:42:14.599 0     2017-04-05               
1   i   01   15:42:15.157 0     2017-04-05               
0   j   00   15:42:15.205 0     2017-04-05               
0   i   00   15:42:15.539 0     2017-04-05               
1   i   01   15:42:15.860 0     2017-04-05               
1   i   01   15:42:15.904 0     2017-04-05               
1   i   01   15:42:16.084 0     2017-04-05               
1   i   01   15:42:16.492 0     2017-04-05               
0   i   00   15:42:16.846 0     2017-04-05               
1   i   01   15:42:16.856 0     2017-04-05               
1   i   01   15:42:16.953 0     2017-04-05               
0   i   00   15:42:18.182 0     2017-04-05               
1   i   01   15:42:18.528 0     2017-04-05               
0   i   00   15:42:19.211 0     2017-04-05               
1   i   01   15:42:20.338 0     2017-04-05               
1   i   01   15:42:20.657 0     2017-04-05               
1   i   01   15:42:21.019 0     2017-04-05               
0   i   00   15:42:22.331 0     2017-04-05               
0   j   00   15:42:23.162 0     2017-04-05               
0   i   00   15:42:23.267 0     2017-04-05               
1   i   01   15:42:23.569 0     2017-04-05               
1   i   01   15:42:24.461 0     2017-04-05               
0   i   00   15:42:25.451 0     2017-04-05               
